# JRE version: Java(TM) SE Runtime Environment (8.0_31-b13) (build 1.8.0_31-b13)
# Java VM: Java HotSpot(TM) 64-Bit Server VM (25.31-b07 mixed mode bsd-amd64 compressed oops)
Heap:
 PSYoungGen      total 252416K, used 216022K [0x00000007aab00000, 0x00000007bbc80000, 0x00000007c0000000)
  eden space 250368K, 86% used [0x00000007aab00000,0x00000007b7df5a10,0x00000007b9f80000)
  from space 2048K, 0% used [0x00000007b9f80000,0x00000007b9f80000,0x00000007ba180000)
  to   space 14848K, 0% used [0x00000007bae00000,0x00000007bae00000,0x00000007bbc80000)
 ParOldGen       total 80896K, used 46774K [0x0000000780000000, 0x0000000784f00000, 0x00000007aab00000)
  object space 80896K, 57% used [0x0000000780000000,0x0000000782dada58,0x0000000784f00000)
 Metaspace       used 64052K, capacity 80562K, committed 80856K, reserved 1116160K
  class space    used 8490K, capacity 13740K, committed 13784K, reserved 1048576K
GC Heap History (10 events):
Event: 28408.923 GC heap before
{Heap before GC invocations=198 (full 85):
 PSYoungGen      total 251904K, used 1535K [0x00000007aab00000, 0x00000007bbf80000, 0x00000007c0000000)
  eden space 250368K, 0% used [0x00000007aab00000,0x00000007aab00000,0x00000007b9f80000)
  from space 1536K, 99% used [0x00000007b9f80000,0x00000007ba0ffc70,0x00000007ba100000)
  to   space 16384K, 0% used [0x00000007baf80000,0x00000007baf80000,0x00000007bbf80000)
 ParOldGen       total 80896K, used 45997K [0x0000000780000000, 0x0000000784f00000, 0x00000007aab00000)
  object space 80896K, 56% used [0x0000000780000000,0x0000000782ceb768,0x0000000784f00000)
 Metaspace       used 63123K, capacity 78440K, committed 79192K, reserved 1116160K
  class space    used 8316K, capacity 13208K, committed 13400K, reserved 1048576K
Event: 28409.357 GC heap after
Heap after GC invocations=198 (full 85):
 PSYoungGen      total 251904K, used 0K [0x00000007aab00000, 0x00000007bbf80000, 0x00000007c0000000)
  eden space 250368K, 0% used [0x00000007aab00000,0x00000007aab00000,0x00000007b9f80000)
  from space 1536K, 0% used [0x00000007b9f80000,0x00000007b9f80000,0x00000007ba100000)
  to   space 16384K, 0% used [0x00000007baf80000,0x00000007baf80000,0x00000007bbf80000)
 ParOldGen       total 80896K, used 46167K [0x0000000780000000, 0x0000000784f00000, 0x00000007aab00000)
  object space 80896K, 57% used [0x0000000780000000,0x0000000782d15fb8,0x0000000784f00000)
 Metaspace       used 63090K, capacity 78326K, committed 79192K, reserved 1116160K
  class space    used 8308K, capacity 13174K, committed 13400K, reserved 1048576K
}
Event: 28802.861 GC heap before
{Heap before GC invocations=199 (full 85):
 PSYoungGen      total 251904K, used 216324K [0x00000007aab00000, 0x00000007bbf80000, 0x00000007c0000000)
  eden space 250368K, 86% used [0x00000007aab00000,0x00000007b7e41380,0x00000007b9f80000)
  from space 1536K, 0% used [0x00000007b9f80000,0x00000007b9f80000,0x00000007ba100000)
  to   space 16384K, 0% used [0x00000007baf80000,0x00000007baf80000,0x00000007bbf80000)
 ParOldGen       total 80896K, used 46167K [0x0000000780000000, 0x0000000784f00000, 0x00000007aab00000)
  object space 80896K, 57% used [0x0000000780000000,0x0000000782d15fb8,0x0000000784f00000)
 Metaspace       used 63317K, capacity 79000K, committed 79704K, reserved 1116160K
  class space    used 8374K, capacity 13426K, committed 13656K, reserved 1048576K
Event: 28802.951 GC heap after
Heap after GC invocations=199 (full 85):
 PSYoungGen      total 264704K, used 2615K [0x00000007aab00000, 0x00000007bbd80000, 0x00000007c0000000)
  eden space 250368K, 0% used [0x00000007aab00000,0x00000007aab00000,0x00000007b9f80000)
  from space 14336K, 18% used [0x00000007baf80000,0x00000007bb20de60,0x00000007bbd80000)
  to   space 15360K, 0% used [0x00000007b9f80000,0x00000007b9f80000,0x00000007bae80000)
 ParOldGen       total 80896K, used 46167K [0x0000000780000000, 0x0000000784f00000, 0x00000007aab00000)
  object space 80896K, 57% used [0x0000000780000000,0x0000000782d15fb8,0x0000000784f00000)
 Metaspace       used 63317K, capacity 79000K, committed 79704K, reserved 1116160K
  class space    used 8374K, capacity 13426K, committed 13656K, reserved 1048576K
}
Event: 28802.951 GC heap before
{Heap before GC invocations=200 (full 86):
 PSYoungGen      total 264704K, used 2615K [0x00000007aab00000, 0x00000007bbd80000, 0x00000007c0000000)
  eden space 250368K, 0% used [0x00000007aab00000,0x00000007aab00000,0x00000007b9f80000)
  from space 14336K, 18% used [0x00000007baf80000,0x00000007bb20de60,0x00000007bbd80000)
  to   space 15360K, 0% used [0x00000007b9f80000,0x00000007b9f80000,0x00000007bae80000)
 ParOldGen       total 80896K, used 46167K [0x0000000780000000, 0x0000000784f00000, 0x00000007aab00000)
  object space 80896K, 57% used [0x0000000780000000,0x0000000782d15fb8,0x0000000784f00000)
 Metaspace       used 63317K, capacity 79000K, committed 79704K, reserved 1116160K
  class space    used 8374K, capacity 13426K, committed 13656K, reserved 1048576K
Event: 28803.683 GC heap after
Heap after GC invocations=200 (full 86):
 PSYoungGen      total 264704K, used 0K [0x00000007aab00000, 0x00000007bbd80000, 0x00000007c0000000)
  eden space 250368K, 0% used [0x00000007aab00000,0x00000007aab00000,0x00000007b9f80000)
  from space 14336K, 0% used [0x00000007baf80000,0x00000007baf80000,0x00000007bbd80000)
  to   space 15360K, 0% used [0x00000007b9f80000,0x00000007b9f80000,0x00000007bae80000)
 ParOldGen       total 80896K, used 47146K [0x0000000780000000, 0x0000000784f00000, 0x00000007aab00000)
  object space 80896K, 58% used [0x0000000780000000,0x0000000782e0a950,0x0000000784f00000)
 Metaspace       used 63251K, capacity 78772K, committed 79704K, reserved 1116160K
  class space    used 8358K, capacity 13358K, committed 13656K, reserved 1048576K
}
Event: 28975.464 GC heap before
{Heap before GC invocations=201 (full 86):
 PSYoungGen      total 264704K, used 123646K [0x00000007aab00000, 0x00000007bbd80000, 0x00000007c0000000)
  eden space 250368K, 49% used [0x00000007aab00000,0x00000007b23bfb10,0x00000007b9f80000)
  from space 14336K, 0% used [0x00000007baf80000,0x00000007baf80000,0x00000007bbd80000)
  to   space 15360K, 0% used [0x00000007b9f80000,0x00000007b9f80000,0x00000007bae80000)
 ParOldGen       total 80896K, used 47146K [0x0000000780000000, 0x0000000784f00000, 0x00000007aab00000)
  object space 80896K, 58% used [0x0000000780000000,0x0000000782e0a950,0x0000000784f00000)
 Metaspace       used 63812K, capacity 79892K, committed 80216K, reserved 1116160K
  class space    used 8450K, capacity 13564K, committed 13656K, reserved 1048576K
Event: 28975.523 GC heap after
Heap after GC invocations=201 (full 86):
 PSYoungGen      total 252416K, used 1711K [0x00000007aab00000, 0x00000007bbc80000, 0x00000007c0000000)
  eden space 250368K, 0% used [0x00000007aab00000,0x00000007aab00000,0x00000007b9f80000)
  from space 2048K, 83% used [0x00000007b9f80000,0x00000007ba12bc60,0x00000007ba180000)
  to   space 14848K, 0% used [0x00000007bae00000,0x00000007bae00000,0x00000007bbc80000)
 ParOldGen       total 80896K, used 47154K [0x0000000780000000, 0x0000000784f00000, 0x00000007aab00000)
  object space 80896K, 58% used [0x0000000780000000,0x0000000782e0c950,0x0000000784f00000)
 Metaspace       used 63812K, capacity 79892K, committed 80216K, reserved 1116160K
  class space    used 8450K, capacity 13564K, committed 13656K, reserved 1048576K
}
Event: 28975.523 GC heap before
{Heap before GC invocations=202 (full 87):
 PSYoungGen      total 252416K, used 1711K [0x00000007aab00000, 0x00000007bbc80000, 0x00000007c0000000)
  eden space 250368K, 0% used [0x00000007aab00000,0x00000007aab00000,0x00000007b9f80000)
  from space 2048K, 83% used [0x00000007b9f80000,0x00000007ba12bc60,0x00000007ba180000)
  to   space 14848K, 0% used [0x00000007bae00000,0x00000007bae00000,0x00000007bbc80000)
 ParOldGen       total 80896K, used 47154K [0x0000000780000000, 0x0000000784f00000, 0x00000007aab00000)
  object space 80896K, 58% used [0x0000000780000000,0x0000000782e0c950,0x0000000784f00000)
 Metaspace       used 63812K, capacity 79892K, committed 80216K, reserved 1116160K
  class space    used 8450K, capacity 13564K, committed 13656K, reserved 1048576K
Event: 28976.199 GC heap after
Heap after GC invocations=202 (full 87):
 PSYoungGen      total 252416K, used 0K [0x00000007aab00000, 0x00000007bbc80000, 0x00000007c0000000)
  eden space 250368K, 0% used [0x00000007aab00000,0x00000007aab00000,0x00000007b9f80000)
  from space 2048K, 0% used [0x00000007b9f80000,0x00000007b9f80000,0x00000007ba180000)
  to   space 14848K, 0% used [0x00000007bae00000,0x00000007bae00000,0x00000007bbc80000)
 ParOldGen       total 80896K, used 46774K [0x0000000780000000, 0x0000000784f00000, 0x00000007aab00000)
  object space 80896K, 57% used [0x0000000780000000,0x0000000782dada58,0x0000000784f00000)
 Metaspace       used 63779K, capacity 79778K, committed 80216K, reserved 1116160K
  class space    used 8442K, capacity 13530K, committed 13656K, reserved 1048576K
}

